<?xml version="1.0" encoding="UTF-8"?>
<coverage generated="1625385194150" clover="3.2.0">
  <project timestamp="1625385194150" name="All files">
    <metrics statements="23" coveredstatements="13" conditionals="12" coveredconditionals="4" methods="5" coveredmethods="3" elements="40" coveredelements="20" complexity="0" loc="23" ncloc="23" packages="4" files="4" classes="4"/>
    <package name="components.home">
      <metrics statements="4" coveredstatements="3" conditionals="0" coveredconditionals="0" methods="2" coveredmethods="1"/>
      <file name="CalendarCard.tsx" path="/home/zach/Projects/orbital/prodpets/src/components/home/CalendarCard.tsx">
        <metrics statements="4" coveredstatements="3" conditionals="0" coveredconditionals="0" methods="2" coveredmethods="1"/>
        <line num="14" count="1" type="stmt"/>
        <line num="16" count="2" type="stmt"/>
        <line num="18" count="2" type="stmt"/>
        <line num="20" count="0" type="stmt"/>
      </file>
    </package>
    <package name="styles">
      <metrics statements="0" coveredstatements="0" conditionals="0" coveredconditionals="0" methods="0" coveredmethods="0"/>
      <file name="theme.style.ts" path="/home/zach/Projects/orbital/prodpets/src/styles/theme.style.ts">
        <metrics statements="0" coveredstatements="0" conditionals="0" coveredconditionals="0" methods="0" coveredmethods="0"/>
      </file>
    </package>
    <package name="styles.components.home">
      <metrics statements="0" coveredstatements="0" conditionals="0" coveredconditionals="0" methods="0" coveredmethods="0"/>
      <file name="CalendarCard.style.ts" path="/home/zach/Projects/orbital/prodpets/src/styles/components/home/CalendarCard.style.ts">
        <metrics statements="0" coveredstatements="0" conditionals="0" coveredconditionals="0" methods="0" coveredmethods="0"/>
      </file>
    </package>
    <package name="util">
      <metrics statements="19" coveredstatements="10" conditionals="12" coveredconditionals="4" methods="3" coveredmethods="2"/>
      <file name="dateFormat.ts" path="/home/zach/Projects/orbital/prodpets/src/util/dateFormat.ts">
        <metrics statements="19" coveredstatements="10" conditionals="12" coveredconditionals="4" methods="3" coveredmethods="2"/>
        <line num="3" count="1" type="stmt"/>
        <line num="4" count="0" type="cond" truecount="0" falsecount="8"/>
        <line num="6" count="0" type="stmt"/>
        <line num="8" count="0" type="stmt"/>
        <line num="10" count="0" type="stmt"/>
        <line num="12" count="0" type="stmt"/>
        <line num="14" count="0" type="stmt"/>
        <line num="16" count="0" type="stmt"/>
        <line num="18" count="0" type="stmt"/>
        <line num="20" count="0" type="stmt"/>
        <line num="24" count="1" type="stmt"/>
        <line num="25" count="2" type="cond" truecount="2" falsecount="0"/>
        <line num="28" count="1" type="stmt"/>
        <line num="31" count="2" type="cond" truecount="2" falsecount="0"/>
        <line num="32" count="1" type="stmt"/>
        <line num="33" count="1" type="stmt"/>
        <line num="35" count="1" type="stmt"/>
        <line num="36" count="1" type="stmt"/>
        <line num="38" count="2" type="stmt"/>
      </file>
    </package>
  </project>
</coverage>
