{"/home/zach/Projects/orbital/prodpets/src/components/home/CalendarCard.tsx": {"path":"/home/zach/Projects/orbital/prodpets/src/components/home/CalendarCard.tsx","statementMap":{"0":{"start":{"line":14,"column":21},"end":{"line":28,"column":1}},"1":{"start":{"line":16,"column":14},"end":{"line":16,"column":23}},"2":{"start":{"line":18,"column":1},"end":{"line":27,"column":3}},"3":{"start":{"line":20,"column":18},"end":{"line":20,"column":36}}},"fnMap":{"0":{"name":"(anonymous_0)","decl":{"start":{"line":14,"column":21},"end":{"line":14,"column":22}},"loc":{"start":{"line":14,"column":86},"end":{"line":28,"column":1}},"line":14},"1":{"name":"(anonymous_1)","decl":{"start":{"line":20,"column":12},"end":{"line":20,"column":13}},"loc":{"start":{"line":20,"column":18},"end":{"line":20,"column":36}},"line":20}},"branchMap":{},"s":{"0":1,"1":2,"2":2,"3":0},"f":{"0":2,"1":0},"b":{},"_coverageSchema":"1a1c01bbd47fc00a2c39e90264f33305004495a9","hash":"59aea3254b4019077dc5015de61ab82f19cafc85"}
,"/home/zach/Projects/orbital/prodpets/src/styles/theme.style.ts": {"path":"/home/zach/Projects/orbital/prodpets/src/styles/theme.style.ts","statementMap":{},"fnMap":{},"branchMap":{},"s":{},"f":{},"b":{},"_coverageSchema":"1a1c01bbd47fc00a2c39e90264f33305004495a9","hash":"5f50293159b4fc2d57e8b95110c1921c97147ded"}
,"/home/zach/Projects/orbital/prodpets/src/styles/components/home/CalendarCard.style.ts": {"path":"/home/zach/Projects/orbital/prodpets/src/styles/components/home/CalendarCard.style.ts","statementMap":{},"fnMap":{},"branchMap":{},"s":{},"f":{},"b":{},"_coverageSchema":"1a1c01bbd47fc00a2c39e90264f33305004495a9","hash":"40a1284c8fd01fd24aa9cf493d3879b0f8e44b84"}
,"/home/zach/Projects/orbital/prodpets/src/util/dateFormat.ts": {"path":"/home/zach/Projects/orbital/prodpets/src/util/dateFormat.ts","statementMap":{"0":{"start":{"line":3,"column":26},"end":{"line":22,"column":1}},"1":{"start":{"line":4,"column":1},"end":{"line":21,"column":2}},"2":{"start":{"line":6,"column":2},"end":{"line":6,"column":15}},"3":{"start":{"line":8,"column":2},"end":{"line":8,"column":15}},"4":{"start":{"line":10,"column":2},"end":{"line":10,"column":15}},"5":{"start":{"line":12,"column":2},"end":{"line":12,"column":15}},"6":{"start":{"line":14,"column":2},"end":{"line":14,"column":15}},"7":{"start":{"line":16,"column":2},"end":{"line":16,"column":15}},"8":{"start":{"line":18,"column":2},"end":{"line":18,"column":15}},"9":{"start":{"line":20,"column":2},"end":{"line":20,"column":12}},"10":{"start":{"line":24,"column":29},"end":{"line":26,"column":1}},"11":{"start":{"line":25,"column":1},"end":{"line":25,"column":44}},"12":{"start":{"line":28,"column":28},"end":{"line":39,"column":1}},"13":{"start":{"line":31,"column":1},"end":{"line":37,"column":2}},"14":{"start":{"line":32,"column":2},"end":{"line":32,"column":87}},"15":{"start":{"line":33,"column":2},"end":{"line":33,"column":81}},"16":{"start":{"line":35,"column":2},"end":{"line":35,"column":75}},"17":{"start":{"line":36,"column":2},"end":{"line":36,"column":69}},"18":{"start":{"line":38,"column":1},"end":{"line":38,"column":28}}},"fnMap":{"0":{"name":"(anonymous_0)","decl":{"start":{"line":3,"column":26},"end":{"line":3,"column":27}},"loc":{"start":{"line":3,"column":51},"end":{"line":22,"column":1}},"line":3},"1":{"name":"(anonymous_1)","decl":{"start":{"line":24,"column":29},"end":{"line":24,"column":30}},"loc":{"start":{"line":24,"column":55},"end":{"line":26,"column":1}},"line":24},"2":{"name":"(anonymous_2)","decl":{"start":{"line":28,"column":28},"end":{"line":28,"column":29}},"loc":{"start":{"line":28,"column":64},"end":{"line":39,"column":1}},"line":28}},"branchMap":{"0":{"loc":{"start":{"line":4,"column":1},"end":{"line":21,"column":2}},"type":"switch","locations":[{"start":{"line":5,"column":1},"end":{"line":6,"column":15}},{"start":{"line":7,"column":1},"end":{"line":8,"column":15}},{"start":{"line":9,"column":1},"end":{"line":10,"column":15}},{"start":{"line":11,"column":1},"end":{"line":12,"column":15}},{"start":{"line":13,"column":1},"end":{"line":14,"column":15}},{"start":{"line":15,"column":1},"end":{"line":16,"column":15}},{"start":{"line":17,"column":1},"end":{"line":18,"column":15}},{"start":{"line":19,"column":1},"end":{"line":20,"column":12}}],"line":4},"1":{"loc":{"start":{"line":25,"column":8},"end":{"line":25,"column":43}},"type":"cond-expr","locations":[{"start":{"line":25,"column":21},"end":{"line":25,"column":25}},{"start":{"line":25,"column":28},"end":{"line":25,"column":43}}],"line":25},"2":{"loc":{"start":{"line":31,"column":1},"end":{"line":37,"column":2}},"type":"if","locations":[{"start":{"line":31,"column":1},"end":{"line":37,"column":2}},{"start":{"line":31,"column":1},"end":{"line":37,"column":2}}],"line":31}},"s":{"0":1,"1":0,"2":0,"3":0,"4":0,"5":0,"6":0,"7":0,"8":0,"9":0,"10":1,"11":2,"12":1,"13":2,"14":1,"15":1,"16":1,"17":1,"18":2},"f":{"0":0,"1":2,"2":2},"b":{"0":[0,0,0,0,0,0,0,0],"1":[1,1],"2":[1,1]},"_coverageSchema":"1a1c01bbd47fc00a2c39e90264f33305004495a9","hash":"8cf611cf18ccc811151a636451fdb7617788263f"}
}
